0 info it worked if it ends with ok
1 verbose cli [ '/Users/trecenti/.nvm/v0.10.25/bin/node',
1 verbose cli   '/Users/trecenti/.nvm/v0.10.25/bin/npm',
1 verbose cli   'run',
1 verbose cli   'test' ]
2 info using npm@1.3.24
3 info using node@v0.10.25
4 verbose run-script [ 'pretest', 'test', 'posttest' ]
5 info pretest tech-radar@0.2.0
6 info test tech-radar@0.2.0
7 verbose unsafe-perm in lifecycle true
8 info tech-radar@0.2.0 Failed to exec test script
9 error tech-radar@0.2.0 test: `karma start karma.conf.js --single-run`
9 error Exit status 1
10 error Failed at the tech-radar@0.2.0 test script.
10 error This is most likely a problem with the tech-radar package,
10 error not with npm itself.
10 error Tell the author that this fails on your system:
10 error     karma start karma.conf.js --single-run
10 error You can get their info via:
10 error     npm owner ls tech-radar
10 error There is likely additional logging output above.
11 error System Darwin 16.7.0
12 error command "/Users/trecenti/.nvm/v0.10.25/bin/node" "/Users/trecenti/.nvm/v0.10.25/bin/npm" "run" "test"
13 error cwd /Users/trecenti/work/tech-radar
14 error node -v v0.10.25
15 error npm -v 1.3.24
16 error code ELIFECYCLE
17 verbose exit [ 1, true ]
